2026-02-25 09:22:19 [INFO]: 사용자 로그인 성공
2026-02-25 09:22:19 [WARN]: 비정상적인 접근 시도 감지
2026-02-25 09:22:19 [ERROR]: 데이터베이스 연결 오류 발생!
2026-02-25 12:22:03 [INFO]: 사용자 로그인 성공
2026-02-25 12:22:03 [WARN]: 비정상적인 접근 시도 감지
2026-02-25 12:22:03 [ERROR]: 데이터베이스 연결 오류 발생!
2026-02-25 12:22:05 [INFO]: cron job 실행
2026-02-25 12:22:29 [INFO]: 사용자 로그인 성공
2026-02-25 12:22:29 [WARN]: 비정상적인 접근 시도 감지
2026-02-25 12:22:29 [ERROR]: 데이터베이스 연결 오류 발생!
2026-02-25 12:22:30 [INFO]: cron job 실행
2026-02-25 12:22:35 [INFO]: cron job 실행
2026-02-25 12:22:40 [INFO]: cron job 실행
2026-02-25 12:27:19 [INFO]: 사용자 로그인 성공
2026-02-25 12:27:19 [WARN]: 비정상적인 접근 시도 감지
2026-02-25 12:27:19 [ERROR]: 데이터베이스 연결 오류 발생!
2026-02-25 12:27:20 [INFO]: 메일발송
2026-02-25 12:27:30 [INFO]: 메일발송
2026-02-25 12:27:40 [INFO]: 메일발송
2026-02-25 12:27:50 [INFO]: 메일발송
